
> @photon/playground@1.0.0 build
> tsc -p . && tsc -p src/worker

src/worker/export-worker.ts(27,25): error TS2307: Cannot find module 'photon' or its corresponding type declarations.
src/worker/export-worker.ts(52,22): error TS1252: Function declarations are not allowed inside blocks in strict mode when targeting 'ES5'. Modules are automatically in strict mode.
src/worker/export-worker.ts(70,22): error TS1252: Function declarations are not allowed inside blocks in strict mode when targeting 'ES5'. Modules are automatically in strict mode.
src/worker/export-worker.ts(84,38): error TS2503: Cannot find namespace 'jscad'.
src/worker/export-worker.ts(96,22): error TS1252: Function declarations are not allowed inside blocks in strict mode when targeting 'ES5'. Modules are automatically in strict mode.
src/worker/render-worker.ts(49,25): error TS2307: Cannot find module 'photon' or its corresponding type declarations.
npm ERR! Lifecycle script `build` failed with error: 
npm ERR! Error: command failed 
npm ERR!   in workspace: @photon/playground@1.0.0 
npm ERR!   at location: /Users/mykawhite/Documents/GitHub/photon/packages/playground 
