
> @photon/playground@1.0.0 build
> tsc -p . && tsc -p src/worker

src/worker/export-worker.ts(7,18): error TS2503: Cannot find namespace 'PDFKit'.
src/worker/export-worker.ts(27,5): error TS2451: Cannot redeclare block-scoped variable 'makerjs'.
src/worker/export-worker.ts(31,6): error TS2304: Cannot find name 'PhotonPlaygroundExport'.
src/worker/export-worker.ts(32,6): error TS2304: Cannot find name 'PhotonPlaygroundExport'.
src/worker/export-worker.ts(33,6): error TS2304: Cannot find name 'PhotonPlaygroundExport'.
src/worker/export-worker.ts(34,6): error TS2304: Cannot find name 'PhotonPlaygroundExport'.
src/worker/export-worker.ts(35,6): error TS2304: Cannot find name 'PhotonPlaygroundExport'.
src/worker/export-worker.ts(36,6): error TS2304: Cannot find name 'PhotonPlaygroundExport'.
src/worker/export-worker.ts(42,30): error TS2503: Cannot find namespace 'PhotonPlaygroundExport'.
src/worker/export-worker.ts(42,75): error TS2503: Cannot find namespace 'PhotonPlaygroundExport'.
src/worker/export-worker.ts(44,13): error TS2304: Cannot find name 'PhotonPlaygroundExport'.
src/worker/export-worker.ts(71,27): error TS2304: Cannot find name 'PhotonPlaygroundExport'.
src/worker/export-worker.ts(76,26): error TS2304: Cannot find name 'PhotonPlaygroundExport'.
src/worker/export-worker.ts(82,46): error TS2304: Cannot find name 'jscad'.
src/worker/export-worker.ts(83,38): error TS2503: Cannot find namespace 'jscad'.
src/worker/export-worker.ts(97,27): error TS2304: Cannot find name 'PhotonPlaygroundExport'.
src/worker/export-worker.ts(104,26): error TS2304: Cannot find name 'PhotonPlaygroundExport'.
src/worker/export-worker.ts(115,33): error TS2503: Cannot find namespace 'PDFKit'.
src/worker/export-worker.ts(122,26): error TS2503: Cannot find namespace 'PDFKit'.
src/worker/export-worker.ts(140,30): error TS2503: Cannot find namespace 'PhotonPlaygroundExport'.
src/worker/export-worker.ts(142,17): error TS2503: Cannot find namespace 'PhotonPlaygroundExport'.
src/worker/render-worker.ts(49,5): error TS2451: Cannot redeclare block-scoped variable 'makerjs'.
src/worker/render-worker.ts(62,19): error TS2503: Cannot find namespace 'PhotonPlaygroundRender'.
src/worker/render-worker.ts(73,19): error TS2503: Cannot find namespace 'PhotonPlaygroundRender'.
src/worker/render-worker.ts(136,30): error TS2503: Cannot find namespace 'PhotonPlaygroundRender'.
src/worker/render-worker.ts(183,30): error TS2304: Cannot find name 'PhotonPlayground'.
src/worker/render-worker.ts(189,31): error TS2503: Cannot find namespace 'PhotonPlaygroundRender'.
npm ERR! Lifecycle script `build` failed with error: 
npm ERR! Error: command failed 
npm ERR!   in workspace: @photon/playground@1.0.0 
npm ERR!   at location: /Users/mykawhite/Documents/GitHub/photon/packages/playground 
