
> @photon/playground@1.0.0 build
> tsc -p . && tsc -p src/worker

error TS2688: Cannot find type definition file for 'makerjs'.
  The file is in the program because:
    Entry point of type library 'makerjs' specified in compilerOptions
npm ERR! Lifecycle script `build` failed with error: 
npm ERR! Error: command failed 
npm ERR!   in workspace: @photon/playground@1.0.0 
npm ERR!   at location: /Users/mykawhite/Documents/GitHub/photon/packages/playground 
