
> @photon/playground@1.0.0 build
> tsc -p . && tsc -p src/worker

src/worker/export-worker.ts(27,5): error TS2451: Cannot redeclare block-scoped variable 'makerjs'.
src/worker/export-worker.ts(62,16): error TS2339: Property 'SvgPathData' does not exist on type 'typeof ExportFormat'.
src/worker/export-worker.ts(82,46): error TS2708: Cannot use namespace 'jscad' as a value.
src/worker/export-worker.ts(83,44): error TS2694: Namespace 'jscad' has no exported member 'StlSerializer'.
src/worker/export-worker.ts(115,40): error TS2694: Namespace 'PDFKit' has no exported member 'PDFDocumentOptions'.
src/worker/export-worker.ts(122,51): error TS2351: This expression is not constructable.
  Type 'PDFDocument' has no construct signatures.
src/worker/export-worker.ts(140,53): error TS2694: Namespace 'PhotonPlaygroundExport' has no exported member 'IExportRequest'.
src/worker/render-worker.ts(49,5): error TS2451: Cannot redeclare block-scoped variable 'makerjs'.
src/worker/render-worker.ts(136,53): error TS2694: Namespace 'PhotonPlaygroundRender' has no exported member 'IRenderRequest'.
npm ERR! Lifecycle script `build` failed with error: 
npm ERR! Error: command failed 
npm ERR!   in workspace: @photon/playground@1.0.0 
npm ERR!   at location: /Users/mykawhite/Documents/GitHub/photon/packages/playground 
